# JRE version: Java(TM) SE Runtime Environment (21.0.10+8) (build 21.0.10+8-LTS-217)
# Java VM: Java HotSpot(TM) 64-Bit Server VM (21.0.10+8-LTS-217, mixed mode, sharing, tiered, compressed oops, compressed class ptrs, g1 gc, windows-amd64)
GC Precious Log:
 CardTable entry size: 512
 Card Set container configuration: InlinePtr #cards 5 size 8 Array Of Cards #cards 12 size 40 Howl #buckets 4 coarsen threshold 1843 Howl Bitmap #cards 512 size 80 coarsen threshold 460 Card regions per heap region 1 cards per card region 2048
 CPUs: 12 total, 12 available
 Memory: 15690M
 Large Page Support: Disabled
 NUMA Support: Disabled
 Compressed Oops: Enabled (32-bit)
 Heap Region Size: 1M
 Heap Min Capacity: 64M
 Heap Initial Capacity: 64M
 Heap Max Capacity: 128M
 Pre-touch: Disabled
 Parallel Workers: 10
 Concurrent Workers: 3
 Concurrent Refinement Workers: 10
 Periodic GC: Disabled
Heap:
 garbage-first heap   total 65536K, used 42220K [0x00000000f8000000, 0x0000000100000000)
  region size 1024K, 13 young (13312K), 4 survivors (4096K)
 Metaspace       used 39006K, committed 40512K, reserved 1114112K
  class space    used 5538K, committed 6272K, reserved 1048576K
GC Heap History (20 events):
Event: 1.089 GC heap before
{Heap before GC invocations=1 (full 0):
 garbage-first heap   total 65536K, used 38048K [0x00000000f8000000, 0x0000000100000000)
  region size 1024K, 27 young (27648K), 3 survivors (3072K)
 Metaspace       used 4591K, committed 4800K, reserved 1114112K
  class space    used 574K, committed 704K, reserved 1048576K
}
Event: 1.094 GC heap after
{Heap after GC invocations=2 (full 0):
 garbage-first heap   total 65536K, used 15679K [0x00000000f8000000, 0x0000000100000000)
  region size 1024K, 2 young (2048K), 2 survivors (2048K)
 Metaspace       used 4591K, committed 4800K, reserved 1114112K
  class space    used 574K, committed 704K, reserved 1048576K
}
Event: 1.510 GC heap before
{Heap before GC invocations=2 (full 0):
 garbage-first heap   total 65536K, used 44351K [0x00000000f8000000, 0x0000000100000000)
  region size 1024K, 30 young (30720K), 2 survivors (2048K)
 Metaspace       used 6652K, committed 6848K, reserved 1114112K
  class space    used 867K, committed 960K, reserved 1048576K
}
Event: 1.518 GC heap after
{Heap after GC invocations=3 (full 0):
 garbage-first heap   total 65536K, used 19035K [0x00000000f8000000, 0x0000000100000000)
  region size 1024K, 4 young (4096K), 4 survivors (4096K)
 Metaspace       used 6652K, committed 6848K, reserved 1114112K
  class space    used 867K, committed 960K, reserved 1048576K
}
Event: 2.191 GC heap before
{Heap before GC invocations=3 (full 0):
 garbage-first heap   total 65536K, used 44635K [0x00000000f8000000, 0x0000000100000000)
  region size 1024K, 29 young (29696K), 4 survivors (4096K)
 Metaspace       used 12995K, committed 13376K, reserved 1114112K
  class space    used 1704K, committed 1920K, reserved 1048576K
}
Event: 2.195 GC heap after
{Heap after GC invocations=4 (full 0):
 garbage-first heap   total 65536K, used 22150K [0x00000000f8000000, 0x0000000100000000)
  region size 1024K, 3 young (3072K), 3 survivors (3072K)
 Metaspace       used 12995K, committed 13376K, reserved 1114112K
  class space    used 1704K, committed 1920K, reserved 1048576K
}
Event: 2.662 GC heap before
{Heap before GC invocations=4 (full 0):
 garbage-first heap   total 65536K, used 46726K [0x00000000f8000000, 0x0000000100000000)
  region size 1024K, 28 young (28672K), 3 survivors (3072K)
 Metaspace       used 17284K, committed 17792K, reserved 1114112K
  class space    used 2331K, committed 2560K, reserved 1048576K
}
Event: 2.666 GC heap after
{Heap after GC invocations=5 (full 0):
 garbage-first heap   total 65536K, used 23750K [0x00000000f8000000, 0x0000000100000000)
  region size 1024K, 2 young (2048K), 2 survivors (2048K)
 Metaspace       used 17284K, committed 17792K, reserved 1114112K
  class space    used 2331K, committed 2560K, reserved 1048576K
}
Event: 2.988 GC heap before
{Heap before GC invocations=5 (full 0):
 garbage-first heap   total 65536K, used 46278K [0x00000000f8000000, 0x0000000100000000)
  region size 1024K, 24 young (24576K), 2 survivors (2048K)
 Metaspace       used 20892K, committed 21504K, reserved 1114112K
  class space    used 2784K, committed 3072K, reserved 1048576K
}
Event: 2.991 GC heap after
{Heap after GC invocations=6 (full 0):
 garbage-first heap   total 65536K, used 25105K [0x00000000f8000000, 0x0000000100000000)
  region size 1024K, 3 young (3072K), 3 survivors (3072K)
 Metaspace       used 20892K, committed 21504K, reserved 1114112K
  class space    used 2784K, committed 3072K, reserved 1048576K
}
Event: 3.424 GC heap before
{Heap before GC invocations=7 (full 0):
 garbage-first heap   total 65536K, used 52753K [0x00000000f8000000, 0x0000000100000000)
  region size 1024K, 30 young (30720K), 3 survivors (3072K)
 Metaspace       used 24468K, committed 25280K, reserved 1114112K
  class space    used 3360K, committed 3776K, reserved 1048576K
}
Event: 3.427 GC heap after
{Heap after GC invocations=8 (full 0):
 garbage-first heap   total 65536K, used 27089K [0x00000000f8000000, 0x0000000100000000)
  region size 1024K, 4 young (4096K), 4 survivors (4096K)
 Metaspace       used 24468K, committed 25280K, reserved 1114112K
  class space    used 3360K, committed 3776K, reserved 1048576K
}
Event: 3.858 GC heap before
{Heap before GC invocations=8 (full 0):
 garbage-first heap   total 65536K, used 53713K [0x00000000f8000000, 0x0000000100000000)
  region size 1024K, 30 young (30720K), 4 survivors (4096K)
 Metaspace       used 28233K, committed 29376K, reserved 1114112K
  class space    used 3962K, committed 4544K, reserved 1048576K
}
Event: 3.862 GC heap after
{Heap after GC invocations=9 (full 0):
 garbage-first heap   total 65536K, used 27814K [0x00000000f8000000, 0x0000000100000000)
  region size 1024K, 4 young (4096K), 4 survivors (4096K)
 Metaspace       used 28233K, committed 29376K, reserved 1114112K
  class space    used 3962K, committed 4544K, reserved 1048576K
}
Event: 4.234 GC heap before
{Heap before GC invocations=9 (full 0):
 garbage-first heap   total 65536K, used 55462K [0x00000000f8000000, 0x0000000100000000)
  region size 1024K, 31 young (31744K), 4 survivors (4096K)
 Metaspace       used 31475K, committed 32832K, reserved 1114112K
  class space    used 4507K, committed 5184K, reserved 1048576K
}
Event: 4.239 GC heap after
{Heap after GC invocations=10 (full 0):
 garbage-first heap   total 65536K, used 29573K [0x00000000f8000000, 0x0000000100000000)
  region size 1024K, 3 young (3072K), 3 survivors (3072K)
 Metaspace       used 31475K, committed 32832K, reserved 1114112K
  class space    used 4507K, committed 5184K, reserved 1048576K
}
Event: 4.483 GC heap before
{Heap before GC invocations=10 (full 0):
 garbage-first heap   total 65536K, used 44933K [0x00000000f8000000, 0x0000000100000000)
  region size 1024K, 20 young (20480K), 3 survivors (3072K)
 Metaspace       used 34668K, committed 35968K, reserved 1114112K
  class space    used 4825K, committed 5504K, reserved 1048576K
}
Event: 4.487 GC heap after
{Heap after GC invocations=11 (full 0):
 garbage-first heap   total 65536K, used 31543K [0x00000000f8000000, 0x0000000100000000)
  region size 1024K, 4 young (4096K), 4 survivors (4096K)
 Metaspace       used 34668K, committed 35968K, reserved 1114112K
  class space    used 4825K, committed 5504K, reserved 1048576K
}
Event: 4.994 GC heap before
{Heap before GC invocations=12 (full 0):
 garbage-first heap   total 65536K, used 56119K [0x00000000f8000000, 0x0000000100000000)
  region size 1024K, 28 young (28672K), 4 survivors (4096K)
 Metaspace       used 38103K, committed 39552K, reserved 1114112K
  class space    used 5376K, committed 6080K, reserved 1048576K
}
Event: 4.998 GC heap after
{Heap after GC invocations=13 (full 0):
 garbage-first heap   total 65536K, used 34028K [0x00000000f8000000, 0x0000000100000000)
  region size 1024K, 4 young (4096K), 4 survivors (4096K)
 Metaspace       used 38103K, committed 39552K, reserved 1114112K
  class space    used 5376K, committed 6080K, reserved 1048576K
}

