<?xml version="1.0" encoding="UTF-8"?>
<testsuite name="com.example.IT3030_PAF_Assignment_2026_WD_320_42.moduleA.ResourceServiceTest" tests="10" skipped="0" failures="0" errors="0" timestamp="2026-04-16T11:16:06.189Z" hostname="DESKTOP-7M5APD5" time="0.264">
  <properties/>
  <testcase name="getAllResources_shouldReturnListOfResponses()" classname="com.example.IT3030_PAF_Assignment_2026_WD_320_42.moduleA.ResourceServiceTest" time="0.235"/>
  <testcase name="updateStatus_shouldChangeStatus()" classname="com.example.IT3030_PAF_Assignment_2026_WD_320_42.moduleA.ResourceServiceTest" time="0.004"/>
  <testcase name="getResourceById_shouldThrow_whenNotFound()" classname="com.example.IT3030_PAF_Assignment_2026_WD_320_42.moduleA.ResourceServiceTest" time="0.003"/>
  <testcase name="searchResources_noFilters_shouldReturnAll()" classname="com.example.IT3030_PAF_Assignment_2026_WD_320_42.moduleA.ResourceServiceTest" time="0.001"/>
  <testcase name="deleteResource_shouldThrow_whenNotFound()" classname="com.example.IT3030_PAF_Assignment_2026_WD_320_42.moduleA.ResourceServiceTest" time="0.001"/>
  <testcase name="createResource_shouldReturnResponse_whenValidRequest()" classname="com.example.IT3030_PAF_Assignment_2026_WD_320_42.moduleA.ResourceServiceTest" time="0.006"/>
  <testcase name="updateResource_shouldApplyChanges()" classname="com.example.IT3030_PAF_Assignment_2026_WD_320_42.moduleA.ResourceServiceTest" time="0.002"/>
  <testcase name="deleteResource_shouldCallDelete_whenExists()" classname="com.example.IT3030_PAF_Assignment_2026_WD_320_42.moduleA.ResourceServiceTest" time="0.001"/>
  <testcase name="searchResources_byType_shouldReturnFiltered()" classname="com.example.IT3030_PAF_Assignment_2026_WD_320_42.moduleA.ResourceServiceTest" time="0.001"/>
  <testcase name="getResourceById_shouldReturnResponse_whenExists()" classname="com.example.IT3030_PAF_Assignment_2026_WD_320_42.moduleA.ResourceServiceTest" time="0.004"/>
  <system-out><![CDATA[]]></system-out>
  <system-err><![CDATA[]]></system-err>
</testsuite>
